#
# There is insufficient memory for the Java Runtime Environment to continue.
# Native memory allocation (malloc) failed to allocate 32744 bytes for ChunkPool::allocate
# Possible reasons:
#   The system is out of physical RAM or swap space
#   The process is running with CompressedOops enabled, and the Java Heap may be blocking the growth of the native heap
# Possible solutions:
#   Reduce memory load on the system
#   Increase physical memory or swap space
#   Check if swap backing store is full
#   Decrease Java heap size (-Xmx/-Xms)
#   Decrease number of Java threads
#   Decrease Java thread stack sizes (-Xss)
#   Set larger code cache with -XX:ReservedCodeCacheSize=
#   JVM is running with Unscaled Compressed Oops mode in which the Java heap is
#     placed in the first 4GB address space. The Java Heap base address is the
#     maximum limit for the native heap growth. Please use -XX:HeapBaseMinAddress
#     to set the Java Heap base and to place the Java Heap above 4GB virtual address.
# This output file may be truncated or incomplete.
#
#  Out of Memory Error (arena.cpp:78), pid=664, tid=196
#
# JRE version: OpenJDK Runtime Environment Temurin-17.0.2+8 (17.0.2+8) (build 17.0.2+8)
# Java VM: OpenJDK 64-Bit Server VM Temurin-17.0.2+8 (17.0.2+8, mixed mode, tiered, compressed oops, compressed class ptrs, g1 gc, windows-amd64)
# No core dump will be written. Minidumps are not enabled by default on client versions of Windows
#

---------------  S U M M A R Y ------------

Command Line: -XX:+ShowCodeDetailsInExceptionMessages -agentlib:jdwp=transport=dt_socket,suspend=y,address=localhost:55606 -javaagent:C:\Users\geeturana\Downloads\sts-4.14.1.RELEASE\configuration\org.eclipse.osgi\265\0\.cp\lib\javaagent-shaded.jar -Dfile.encoding=Cp1252 com.day4live.Day4Live

Host: Intel(R) Pentium(R) CPU  N3540  @ 2.16GHz, 4 cores, 3G,  Windows 8.1 , 64 bit Build 9600 (6.3.9600.20369)
Time: Fri May 20 22:39:46 2022 India Standard Time elapsed time: 34.071349 seconds (0d 0h 0m 34s)

---------------  T H R E A D  ---------------

Current thread (0x000000d01bb08960):  JavaThread "C2 CompilerThread0" daemon [_thread_in_native, id=196, stack(0x000000d01c2e0000,0x000000d01c3e0000)]


Current CompileTask:
C2:  34071  221       4       java.util.HashMap::putVal (300 bytes)

Stack: [0x000000d01c2e0000,0x000000d01c3e0000]
Native frames: (J=compiled Java code, j=interpreted, Vv=VM code, C=native code)
V  [jvm.dll+0x67564a]
V  [jvm.dll+0x82fc04]
V  [jvm.dll+0x8313ae]
V  [jvm.dll+0x831a13]
V  [jvm.dll+0x245235]
V  [jvm.dll+0xabfc0]
V  [jvm.dll+0xac30c]
V  [jvm.dll+0x12459c]
V  [jvm.dll+0x123613]
V  [jvm.dll+0x67ab65]
V  [jvm.dll+0x21849f]
V  [jvm.dll+0x2174f1]
V  [jvm.dll+0x1a3a8d]
V  [jvm.dll+0x226ef8]
V  [jvm.dll+0x22503c]
V  [jvm.dll+0x7e596b]
V  [jvm.dll+0x7dff2a]
V  [jvm.dll+0x6744d5]
C  [ucrtbase.DLL+0x1c1ae]
C  [KERNEL32.DLL+0x13d2]
C  [ntdll.dll+0x15504]


---------------  P R O C E S S  ---------------

Threads class SMR info:
_java_thread_list=0x000000d01bd99be0, length=14, elements={
0x000000d0038accf0, 0x000000d01ac4b030, 0x000000d01ac4c540, 0x000000d01ac7c5c0,
0x000000d01ac7e610, 0x000000d01ac7f5e0, 0x000000d01bb05930, 0x000000d01bb08960,
0x000000d01bb09680, 0x000000d01ac8dfa0, 0x000000d01bc182e0, 0x000000d01be10a40,
0x000000d01be0fbb0, 0x000000d01be14c60
}
_to_delete_list=0x000000d01bd99b50
Skipping _to_delete_list fields and contents for safety.

Java Threads: ( => current thread )
  0x000000d0038accf0 JavaThread "main" [_thread_in_vm, id=2028, stack(0x000000d001810000,0x000000d001910000)]
  0x000000d01ac4b030 JavaThread "Reference Handler" daemon [_thread_blocked, id=780, stack(0x000000d01b800000,0x000000d01b900000)]
  0x000000d01ac4c540 JavaThread "Finalizer" daemon [_thread_blocked, id=5124, stack(0x000000d01b900000,0x000000d01ba00000)]
  0x000000d01ac7c5c0 JavaThread "Signal Dispatcher" daemon [_thread_blocked, id=4468, stack(0x000000d01bee0000,0x000000d01bfe0000)]
  0x000000d01ac7e610 JavaThread "Attach Listener" daemon [_thread_blocked, id=4696, stack(0x000000d01bfe0000,0x000000d01c0e0000)]
  0x000000d01ac7f5e0 JavaThread "Service Thread" daemon [_thread_blocked, id=6732, stack(0x000000d01c0e0000,0x000000d01c1e0000)]
  0x000000d01bb05930 JavaThread "Monitor Deflation Thread" daemon [_thread_blocked, id=6896, stack(0x000000d01c1e0000,0x000000d01c2e0000)]
=>0x000000d01bb08960 JavaThread "C2 CompilerThread0" daemon [_thread_in_native, id=196, stack(0x000000d01c2e0000,0x000000d01c3e0000)]
  0x000000d01bb09680 JavaThread "C1 CompilerThread0" daemon [_thread_in_native, id=1904, stack(0x000000d01c3e0000,0x000000d01c4e0000)]
  0x000000d01ac8dfa0 JavaThread "Sweeper thread" daemon [_thread_blocked, id=3916, stack(0x000000d01c4e0000,0x000000d01c5e0000)]
  0x000000d01bc182e0 JavaThread "Common-Cleaner" daemon [_thread_blocked, id=2676, stack(0x000000d01c5e0000,0x000000d01c6e0000)]
  0x000000d01be10a40 JavaThread "JDWP Transport Listener: dt_socket" daemon [_thread_blocked, id=904, stack(0x000000d01c6e0000,0x000000d01c7e0000)]
  0x000000d01be0fbb0 JavaThread "JDWP Event Helper Thread" daemon [_thread_blocked, id=5836, stack(0x000000d01cb20000,0x000000d01cc20000)]
  0x000000d01be14c60 JavaThread "JDWP Command Reader" daemon [_thread_in_native, id=4236, stack(0x000000d01cc20000,0x000000d01cd20000)]

Other Threads:
  0x000000d01ac327d0 VMThread "VM Thread" [stack: 0x000000d01ae90000,0x000000d01af90000] [id=6912] _threads_hazard_ptr=0x000000d01bd99be0
  0x000000d0038da840 GCTaskThread "GC Thread#0" [stack: 0x000000d0036a0000,0x000000d0037a0000] [id=5548]
  0x000000d00180e5c0 ConcurrentGCThread "G1 Main Marker" [stack: 0x000000d018450000,0x000000d018550000] [id=5736]
  0x000000d0038fdfb0 ConcurrentGCThread "G1 Conc#0" [stack: 0x000000d018550000,0x000000d018650000] [id=2772]
  0x000000d01aaa0090 ConcurrentGCThread "G1 Refine#0" [stack: 0x000000d01ac90000,0x000000d01ad90000] [id=4476]
  0x000000d01aaa0ab0 ConcurrentGCThread "G1 Service" [stack: 0x000000d01ad90000,0x000000d01ae90000] [id=1928]

Threads with active compile tasks:
C2 CompilerThread0    35434  221       4       java.util.HashMap::putVal (300 bytes)
C1 CompilerThread0    35434  231       3       java.io.WinNTFileSystem::isSlash (18 bytes)

VM state: synchronizing (normal execution)

VM Mutex/Monitor currently owned by a thread:  ([mutex/lock_event])
[0x000000d0038a94d0] Threads_lock - owner thread: 0x000000d01ac327d0

Heap address: 0x00000000c1c00000, size: 996 MB, Compressed Oops mode: 32-bit

CDS archive(s) not mapped
Compressed class space mapped at: 0x0000000100000000-0x0000000140000000, reserved size: 1073741824
Narrow klass base: 0x0000000000000000, Narrow klass shift: 3, Narrow klass range: 0x140000000

GC Precious Log:
 CPUs: 4 total, 4 available
 Memory: 3977M
 Large Page Support: Disabled
 NUMA Support: Disabled
 Compressed Oops: Enabled (32-bit)
 Heap Region Size: 1M
 Heap Min Capacity: 8M
 Heap Initial Capacity: 64M
 Heap Max Capacity: 996M
 Pre-touch: Disabled
 Parallel Workers: 4
 Concurrent Workers: 1
 Concurrent Refinement Workers: 4
 Periodic GC: Disabled

Heap:
 garbage-first heap   total 65536K, used 2048K [0x00000000c1c00000, 0x0000000100000000)
  region size 1024K, 3 young (3072K), 0 survivors (0K)
 Metaspace       used 6690K, committed 6784K, reserved 1056768K
  class space    used 563K, committed 640K, reserved 1048576K

Heap Regions: E=young(eden), S=young(survivor), O=old, HS=humongous(starts), HC=humongous(continues), CS=collection set, F=free, OA=open archive, CA=closed archive, TAMS=top-at-mark-start (previous, next)
|   0|0x00000000c1c00000, 0x00000000c1c00000, 0x00000000c1d00000|  0%| F|  |TAMS 0x00000000c1c00000, 0x00000000c1c00000| Untracked 
|   1|0x00000000c1d00000, 0x00000000c1d00000, 0x00000000c1e00000|  0%| F|  |TAMS 0x00000000c1d00000, 0x00000000c1d00000| Untracked 
|   2|0x00000000c1e00000, 0x00000000c1e00000, 0x00000000c1f00000|  0%| F|  |TAMS 0x00000000c1e00000, 0x00000000c1e00000| Untracked 
|   3|0x00000000c1f00000, 0x00000000c1f00000, 0x00000000c2000000|  0%| F|  |TAMS 0x00000000c1f00000, 0x00000000c1f00000| Untracked 
|   4|0x00000000c2000000, 0x00000000c2000000, 0x00000000c2100000|  0%| F|  |TAMS 0x00000000c2000000, 0x00000000c2000000| Untracked 
|   5|0x00000000c2100000, 0x00000000c2100000, 0x00000000c2200000|  0%| F|  |TAMS 0x00000000c2100000, 0x00000000c2100000| Untracked 
|   6|0x00000000c2200000, 0x00000000c2200000, 0x00000000c2300000|  0%| F|  |TAMS 0x00000000c2200000, 0x00000000c2200000| Untracked 
|   7|0x00000000c2300000, 0x00000000c2300000, 0x00000000c2400000|  0%| F|  |TAMS 0x00000000c2300000, 0x00000000c2300000| Untracked 
|   8|0x00000000c2400000, 0x00000000c2400000, 0x00000000c2500000|  0%| F|  |TAMS 0x00000000c2400000, 0x00000000c2400000| Untracked 
|   9|0x00000000c2500000, 0x00000000c2500000, 0x00000000c2600000|  0%| F|  |TAMS 0x00000000c2500000, 0x00000000c2500000| Untracked 
|  10|0x00000000c2600000, 0x00000000c2600000, 0x00000000c2700000|  0%| F|  |TAMS 0x00000000c2600000, 0x00000000c2600000| Untracked 
|  11|0x00000000c2700000, 0x00000000c2700000, 0x00000000c2800000|  0%| F|  |TAMS 0x00000000c2700000, 0x00000000c2700000| Untracked 
|  12|0x00000000c2800000, 0x00000000c2800000, 0x00000000c2900000|  0%| F|  |TAMS 0x00000000c2800000, 0x00000000c2800000| Untracked 
|  13|0x00000000c2900000, 0x00000000c2900000, 0x00000000c2a00000|  0%| F|  |TAMS 0x00000000c2900000, 0x00000000c2900000| Untracked 
|  14|0x00000000c2a00000, 0x00000000c2a00000, 0x00000000c2b00000|  0%| F|  |TAMS 0x00000000c2a00000, 0x00000000c2a00000| Untracked 
|  15|0x00000000c2b00000, 0x00000000c2b00000, 0x00000000c2c00000|  0%| F|  |TAMS 0x00000000c2b00000, 0x00000000c2b00000| Untracked 
|  16|0x00000000c2c00000, 0x00000000c2c00000, 0x00000000c2d00000|  0%| F|  |TAMS 0x00000000c2c00000, 0x00000000c2c00000| Untracked 
|  17|0x00000000c2d00000, 0x00000000c2d00000, 0x00000000c2e00000|  0%| F|  |TAMS 0x00000000c2d00000, 0x00000000c2d00000| Untracked 
|  18|0x00000000c2e00000, 0x00000000c2e00000, 0x00000000c2f00000|  0%| F|  |TAMS 0x00000000c2e00000, 0x00000000c2e00000| Untracked 
|  19|0x00000000c2f00000, 0x00000000c2f00000, 0x00000000c3000000|  0%| F|  |TAMS 0x00000000c2f00000, 0x00000000c2f00000| Untracked 
|  20|0x00000000c3000000, 0x00000000c3000000, 0x00000000c3100000|  0%| F|  |TAMS 0x00000000c3000000, 0x00000000c3000000| Untracked 
|  21|0x00000000c3100000, 0x00000000c3100000, 0x00000000c3200000|  0%| F|  |TAMS 0x00000000c3100000, 0x00000000c3100000| Untracked 
|  22|0x00000000c3200000, 0x00000000c3200000, 0x00000000c3300000|  0%| F|  |TAMS 0x00000000c3200000, 0x00000000c3200000| Untracked 
|  23|0x00000000c3300000, 0x00000000c3300000, 0x00000000c3400000|  0%| F|  |TAMS 0x00000000c3300000, 0x00000000c3300000| Untracked 
|  24|0x00000000c3400000, 0x00000000c3400000, 0x00000000c3500000|  0%| F|  |TAMS 0x00000000c3400000, 0x00000000c3400000| Untracked 
|  25|0x00000000c3500000, 0x00000000c3500000, 0x00000000c3600000|  0%| F|  |TAMS 0x00000000c3500000, 0x00000000c3500000| Untracked 
|  26|0x00000000c3600000, 0x00000000c3600000, 0x00000000c3700000|  0%| F|  |TAMS 0x00000000c3600000, 0x00000000c3600000| Untracked 
|  27|0x00000000c3700000, 0x00000000c3700000, 0x00000000c3800000|  0%| F|  |TAMS 0x00000000c3700000, 0x00000000c3700000| Untracked 
|  28|0x00000000c3800000, 0x00000000c3800000, 0x00000000c3900000|  0%| F|  |TAMS 0x00000000c3800000, 0x00000000c3800000| Untracked 
|  29|0x00000000c3900000, 0x00000000c3900000, 0x00000000c3a00000|  0%| F|  |TAMS 0x00000000c3900000, 0x00000000c3900000| Untracked 
|  30|0x00000000c3a00000, 0x00000000c3a00000, 0x00000000c3b00000|  0%| F|  |TAMS 0x00000000c3a00000, 0x00000000c3a00000| Untracked 
|  31|0x00000000c3b00000, 0x00000000c3b00000, 0x00000000c3c00000|  0%| F|  |TAMS 0x00000000c3b00000, 0x00000000c3b00000| Untracked 
|  32|0x00000000c3c00000, 0x00000000c3c00000, 0x00000000c3d00000|  0%| F|  |TAMS 0x00000000c3c00000, 0x00000000c3c00000| Untracked 
|  33|0x00000000c3d00000, 0x00000000c3d00000, 0x00000000c3e00000|  0%| F|  |TAMS 0x00000000c3d00000, 0x00000000c3d00000| Untracked 
|  34|0x00000000c3e00000, 0x00000000c3e00000, 0x00000000c3f00000|  0%| F|  |TAMS 0x00000000c3e00000, 0x00000000c3e00000| Untracked 
|  35|0x00000000c3f00000, 0x00000000c3f00000, 0x00000000c4000000|  0%| F|  |TAMS 0x00000000c3f00000, 0x00000000c3f00000| Untracked 
|  36|0x00000000c4000000, 0x00000000c4000000, 0x00000000c4100000|  0%| F|  |TAMS 0x00000000c4000000, 0x00000000c4000000| Untracked 
|  37|0x00000000c4100000, 0x00000000c4100000, 0x00000000c4200000|  0%| F|  |TAMS 0x00000000c4100000, 0x00000000c4100000| Untracked 
|  38|0x00000000c4200000, 0x00000000c4200000, 0x00000000c4300000|  0%| F|  |TAMS 0x00000000c4200000, 0x00000000c4200000| Untracked 
|  39|0x00000000c4300000, 0x00000000c4300000, 0x00000000c4400000|  0%| F|  |TAMS 0x00000000c4300000, 0x00000000c4300000| Untracked 
|  40|0x00000000c4400000, 0x00000000c4400000, 0x00000000c4500000|  0%| F|  |TAMS 0x00000000c4400000, 0x00000000c4400000| Untracked 
|  41|0x00000000c4500000, 0x00000000c4500000, 0x00000000c4600000|  0%| F|  |TAMS 0x00000000c4500000, 0x00000000c4500000| Untracked 
|  42|0x00000000c4600000, 0x00000000c4600000, 0x00000000c4700000|  0%| F|  |TAMS 0x00000000c4600000, 0x00000000c4600000| Untracked 
|  43|0x00000000c4700000, 0x00000000c4700000, 0x00000000c4800000|  0%| F|  |TAMS 0x00000000c4700000, 0x00000000c4700000| Untracked 
|  44|0x00000000c4800000, 0x00000000c4800000, 0x00000000c4900000|  0%| F|  |TAMS 0x00000000c4800000, 0x00000000c4800000| Untracked 
|  45|0x00000000c4900000, 0x00000000c4900000, 0x00000000c4a00000|  0%| F|  |TAMS 0x00000000c4900000, 0x00000000c4900000| Untracked 
|  46|0x00000000c4a00000, 0x00000000c4a00000, 0x00000000c4b00000|  0%| F|  |TAMS 0x00000000c4a00000, 0x00000000c4a00000| Untracked 
|  47|0x00000000c4b00000, 0x00000000c4b00000, 0x00000000c4c00000|  0%| F|  |TAMS 0x00000000c4b00000, 0x00000000c4b00000| Untracked 
|  48|0x00000000c4c00000, 0x00000000c4c00000, 0x00000000c4d00000|  0%| F|  |TAMS 0x00000000c4c00000, 0x00000000c4c00000| Untracked 
|  49|0x00000000c4d00000, 0x00000000c4d00000, 0x00000000c4e00000|  0%| F|  |TAMS 0x00000000c4d00000, 0x00000000c4d00000| Untracked 
|  50|0x00000000c4e00000, 0x00000000c4e00000, 0x00000000c4f00000|  0%| F|  |TAMS 0x00000000c4e00000, 0x00000000c4e00000| Untracked 
|  51|0x00000000c4f00000, 0x00000000c4f00000, 0x00000000c5000000|  0%| F|  |TAMS 0x00000000c4f00000, 0x00000000c4f00000| Untracked 
|  52|0x00000000c5000000, 0x00000000c5000000, 0x00000000c5100000|  0%| F|  |TAMS 0x00000000c5000000, 0x00000000c5000000| Untracked 
|  53|0x00000000c5100000, 0x00000000c5100000, 0x00000000c5200000|  0%| F|  |TAMS 0x00000000c5100000, 0x00000000c5100000| Untracked 
|  54|0x00000000c5200000, 0x00000000c5200000, 0x00000000c5300000|  0%| F|  |TAMS 0x00000000c5200000, 0x00000000c5200000| Untracked 
|  55|0x00000000c5300000, 0x00000000c5300000, 0x00000000c5400000|  0%| F|  |TAMS 0x00000000c5300000, 0x00000000c5300000| Untracked 
|  56|0x00000000c5400000, 0x00000000c5400000, 0x00000000c5500000|  0%| F|  |TAMS 0x00000000c5400000, 0x00000000c5400000| Untracked 
|  57|0x00000000c5500000, 0x00000000c5500000, 0x00000000c5600000|  0%| F|  |TAMS 0x00000000c5500000, 0x00000000c5500000| Untracked 
|  58|0x00000000c5600000, 0x00000000c5600000, 0x00000000c5700000|  0%| F|  |TAMS 0x00000000c5600000, 0x00000000c5600000| Untracked 
|  59|0x00000000c5700000, 0x00000000c5700000, 0x00000000c5800000|  0%| F|  |TAMS 0x00000000c5700000, 0x00000000c5700000| Untracked 
|  60|0x00000000c5800000, 0x00000000c5800000, 0x00000000c5900000|  0%| F|  |TAMS 0x00000000c5800000, 0x00000000c5800000| Untracked 
|  61|0x00000000c5900000, 0x00000000c5a00000, 0x00000000c5a00000|100%| E|  |TAMS 0x00000000c5900000, 0x00000000c5900000| Complete 
|  62|0x00000000c5a00000, 0x00000000c5b00000, 0x00000000c5b00000|100%| E|CS|TAMS 0x00000000c5a00000, 0x00000000c5a00000| Complete 
|  63|0x00000000c5b00000, 0x00000000c5c00000, 0x00000000c5c00000|100%| E|CS|TAMS 0x00000000c5b00000, 0x00000000c5b00000| Complete 

Card table byte_map: [0x000000d016130000,0x000000d016330000] _byte_map_base: 0x000000d015b22000

Marking Bits (Prev, Next): (CMBitMap*) 0x000000d0038dae50, (CMBitMap*) 0x000000d0038dae90
 Prev Bits: [0x000000d016530000, 0x000000d0174c0000)
 Next Bits: [0x000000d0174c0000, 0x000000d018450000)

Polling page: 0x000000d0016d0000

Metaspace:

Usage:
  Non-class:      5.98 MB used.
      Class:    563.52 KB used.
       Both:      6.53 MB used.

Virtual space:
  Non-class space:        8.00 MB reserved,       6.00 MB ( 75%) committed,  1 nodes.
      Class space:        1.00 GB reserved,     640.00 KB ( <1%) committed,  1 nodes.
             Both:        1.01 GB reserved,       6.63 MB ( <1%) committed. 

Chunk freelists:
   Non-Class:  2.01 MB
       Class:  3.25 MB
        Both:  5.26 MB

MaxMetaspaceSize: unlimited
CompressedClassSpaceSize: 1.00 GB
Initial GC threshold: 21.00 MB
Current GC threshold: 21.00 MB
CDS: off
MetaspaceReclaimPolicy: balanced
 - commit_granule_bytes: 65536.
 - commit_granule_words: 8192.
 - virtual_space_node_default_size: 1048576.
 - enlarge_chunks_in_place: 1.
 - new_chunks_are_fully_committed: 0.
 - uncommit_free_chunks: 1.
 - use_allocation_guard: 0.
 - handle_deallocations: 1.


Internal statistics:

num_allocs_failed_limit: 0.
num_arena_births: 6.
num_arena_deaths: 0.
num_vsnodes_births: 2.
num_vsnodes_deaths: 0.
num_space_committed: 106.
num_space_uncommitted: 0.
num_chunks_returned_to_freelist: 0.
num_chunks_taken_from_freelist: 23.
num_chunk_merges: 0.
num_chunk_splits: 5.
num_chunks_enlarged: 1.
num_purges: 0.
num_inconsistent_stats: 0.

CodeHeap 'non-profiled nmethods': size=120000Kb used=61Kb max_used=61Kb free=119938Kb
 bounds [0x000000d00ea00000, 0x000000d00ec70000, 0x000000d015f30000]
CodeHeap 'profiled nmethods': size=120000Kb used=299Kb max_used=299Kb free=119700Kb
 bounds [0x000000d0074d0000, 0x000000d007740000, 0x000000d00ea00000]
CodeHeap 'non-nmethods': size=5760Kb used=1176Kb max_used=1176Kb free=4583Kb
 bounds [0x000000d006f30000, 0x000000d0071a0000, 0x000000d0074d0000]
 total_blobs=594 nmethods=228 adapters=278
 compilation: enabled
              stopped_count=0, restarted_count=0
 full_count=0

Compilation events (20 events):
Event: 33.796 Thread 0x000000d01bb09680  220       1       java.util.LinkedHashMap::removeEldestEntry (2 bytes)
Event: 33.796 Thread 0x000000d01bb09680 nmethod 220 0x000000d00ea0f390 code [0x000000d00ea0f520, 0x000000d00ea0f5f8]
Event: 33.796 Thread 0x000000d01bb08960  221       4       java.util.HashMap::putVal (300 bytes)
Event: 33.796 Thread 0x000000d01bb09680  222       3       java.util.LinkedHashMap::newNode (23 bytes)
Event: 33.797 Thread 0x000000d01bb09680 nmethod 222 0x000000d007518190 code [0x000000d007518360, 0x000000d007518788]
Event: 33.797 Thread 0x000000d01bb09680  223       3       java.util.LinkedHashMap$Entry::<init> (10 bytes)
Event: 33.797 Thread 0x000000d01bb09680 nmethod 223 0x000000d007518910 code [0x000000d007518ac0, 0x000000d007518d98]
Event: 33.797 Thread 0x000000d01bb09680  224       3       java.util.LinkedHashMap::linkNodeLast (33 bytes)
Event: 33.797 Thread 0x000000d01bb09680 nmethod 224 0x000000d007518e90 code [0x000000d007519040, 0x000000d007519358]
Event: 33.797 Thread 0x000000d01bb09680  225       3       java.util.LinkedHashMap::afterNodeInsertion (40 bytes)
Event: 33.798 Thread 0x000000d01bb09680 nmethod 225 0x000000d007519490 code [0x000000d007519640, 0x000000d007519838]
Event: 33.798 Thread 0x000000d01bb09680  227       3       java.lang.String::getBytes (46 bytes)
Event: 33.799 Thread 0x000000d01bb09680 nmethod 227 0x000000d007519910 code [0x000000d007519ae0, 0x000000d007519e38]
Event: 33.803 Thread 0x000000d01bb09680  228       3       java.lang.StringBuilder::toString (35 bytes)
Event: 33.804 Thread 0x000000d01bb09680 nmethod 228 0x000000d007519f10 code [0x000000d00751a0e0, 0x000000d00751a3b8]
Event: 33.811 Thread 0x000000d01bb09680  230       3       java.util.Objects::requireNonNull (15 bytes)
Event: 33.812 Thread 0x000000d01bb09680 nmethod 230 0x000000d00751a490 code [0x000000d00751a640, 0x000000d00751a848]
Event: 33.812 Thread 0x000000d01bb09680  229       3       java.lang.AbstractStringBuilder::<init> (39 bytes)
Event: 33.813 Thread 0x000000d01bb09680 nmethod 229 0x000000d00751a910 code [0x000000d00751aac0, 0x000000d00751ad58]
Event: 33.878 Thread 0x000000d01bb09680  231       3       java.io.WinNTFileSystem::isSlash (18 bytes)

GC Heap History (0 events):
No events

Deoptimization events (16 events):
Event: 33.795 Thread 0x000000d01ac7e610 Uncommon trap: trap_request=0xffffffde fr.pc=0x000000d00ea0cb40 relative=0x0000000000000960
Event: 33.795 Thread 0x000000d01ac7e610 Uncommon trap: reason=class_check action=maybe_recompile pc=0x000000d00ea0cb40 method=java.util.HashMap.putVal(ILjava/lang/Object;Ljava/lang/Object;ZZ)Ljava/lang/Object; @ 152 c2
Event: 33.795 Thread 0x000000d01ac7e610 DEOPT PACKING pc=0x000000d00ea0cb40 sp=0x000000d01c0de9e0
Event: 33.795 Thread 0x000000d01ac7e610 DEOPT UNPACKING pc=0x000000d006f8239e sp=0x000000d01c0de980 mode 2
Event: 33.796 Thread 0x000000d01ac7e610 Uncommon trap: trap_request=0xffffffde fr.pc=0x000000d00ea0cb40 relative=0x0000000000000960
Event: 33.796 Thread 0x000000d01ac7e610 Uncommon trap: reason=class_check action=maybe_recompile pc=0x000000d00ea0cb40 method=java.util.HashMap.putVal(ILjava/lang/Object;Ljava/lang/Object;ZZ)Ljava/lang/Object; @ 152 c2
Event: 33.796 Thread 0x000000d01ac7e610 DEOPT PACKING pc=0x000000d00ea0cb40 sp=0x000000d01c0de9e0
Event: 33.796 Thread 0x000000d01ac7e610 DEOPT UNPACKING pc=0x000000d006f8239e sp=0x000000d01c0de980 mode 2
Event: 33.796 Thread 0x000000d01ac7e610 Uncommon trap: trap_request=0xffffffde fr.pc=0x000000d00ea0cb40 relative=0x0000000000000960
Event: 33.796 Thread 0x000000d01ac7e610 Uncommon trap: reason=class_check action=maybe_recompile pc=0x000000d00ea0cb40 method=java.util.HashMap.putVal(ILjava/lang/Object;Ljava/lang/Object;ZZ)Ljava/lang/Object; @ 152 c2
Event: 33.796 Thread 0x000000d01ac7e610 DEOPT PACKING pc=0x000000d00ea0cb40 sp=0x000000d01c0de9e0
Event: 33.796 Thread 0x000000d01ac7e610 DEOPT UNPACKING pc=0x000000d006f8239e sp=0x000000d01c0de980 mode 2
Event: 33.796 Thread 0x000000d01ac7e610 Uncommon trap: trap_request=0xffffffde fr.pc=0x000000d00ea0cb40 relative=0x0000000000000960
Event: 33.796 Thread 0x000000d01ac7e610 Uncommon trap: reason=class_check action=maybe_recompile pc=0x000000d00ea0cb40 method=java.util.HashMap.putVal(ILjava/lang/Object;Ljava/lang/Object;ZZ)Ljava/lang/Object; @ 152 c2
Event: 33.796 Thread 0x000000d01ac7e610 DEOPT PACKING pc=0x000000d00ea0cb40 sp=0x000000d01c0de9e0
Event: 33.796 Thread 0x000000d01ac7e610 DEOPT UNPACKING pc=0x000000d006f8239e sp=0x000000d01c0de980 mode 2

Classes unloaded (0 events):
No events

Classes redefined (0 events):
No events

Internal exceptions (0 events):
No events

VM Operations (10 events):
Event: 11.027 Executing VM operation: HandshakeAllThreads
Event: 13.102 Executing VM operation: HandshakeAllThreads done
Event: 13.102 Executing VM operation: Cleanup
Event: 13.103 Executing VM operation: Cleanup done
Event: 15.103 Executing VM operation: Cleanup
Event: 15.103 Executing VM operation: Cleanup done
Event: 20.506 Executing VM operation: ChangeBreakpoints
Event: 20.527 Executing VM operation: ChangeBreakpoints done
Event: 28.504 Executing VM operation: ChangeBreakpoints
Event: 28.504 Executing VM operation: ChangeBreakpoints done

Events (20 events):
Event: 33.873 loading class java/util/zip/ZipFile done
Event: 33.873 loading class java/util/zip/ZipFile$1
Event: 33.873 loading class jdk/internal/access/JavaUtilZipFileAccess
Event: 33.873 loading class jdk/internal/access/JavaUtilZipFileAccess done
Event: 33.873 loading class java/util/zip/ZipFile$1 done
Event: 33.873 loading class sun/net/www/protocol/jar/Handler
Event: 33.874 loading class sun/net/www/protocol/jar/Handler done
Event: 33.874 loading class jdk/internal/loader/URLClassPath$JarLoader$1
Event: 33.874 loading class jdk/internal/loader/URLClassPath$JarLoader$1 done
Event: 33.874 loading class jdk/internal/loader/FileURLMapper
Event: 33.875 loading class jdk/internal/loader/FileURLMapper done
Event: 33.875 loading class java/util/jar/JarFile
Event: 33.876 loading class java/util/jar/JarFile done
Event: 33.876 loading class java/util/jar/JavaUtilJarAccessImpl
Event: 33.876 loading class jdk/internal/access/JavaUtilJarAccess
Event: 33.876 loading class jdk/internal/access/JavaUtilJarAccess done
Event: 33.876 loading class java/util/jar/JavaUtilJarAccessImpl done
Event: 33.876 loading class java/lang/Runtime$Version
Event: 33.877 loading class java/lang/Runtime$Version done
Event: 33.878 loading class java/util/zip/ZipFile$CleanableResource


Dynamic libraries:
0x00007ff6a85c0000 - 0x00007ff6a85ce000 	C:\Users\geeturana\Downloads\sts-4.14.1.RELEASE\plugins\org.eclipse.justj.openjdk.hotspot.jre.full.win32.x86_64_17.0.2.v20220201-1208\jre\bin\javaw.exe
0x00007fff5e660000 - 0x00007fff5e80d000 	C:\Windows\SYSTEM32\ntdll.dll
0x00007fff5d900000 - 0x00007fff5da3f000 	C:\Windows\system32\KERNEL32.DLL
0x00007fff5bbc0000 - 0x00007fff5bcd5000 	C:\Windows\system32\KERNELBASE.dll
0x00007fff53750000 - 0x00007fff53768000 	C:\Users\geeturana\Downloads\sts-4.14.1.RELEASE\plugins\org.eclipse.justj.openjdk.hotspot.jre.full.win32.x86_64_17.0.2.v20220201-1208\jre\bin\jli.dll
0x00007fff56af0000 - 0x00007fff56b09000 	C:\Users\geeturana\Downloads\sts-4.14.1.RELEASE\plugins\org.eclipse.justj.openjdk.hotspot.jre.full.win32.x86_64_17.0.2.v20220201-1208\jre\bin\VCRUNTIME140.dll
0x00007fff53740000 - 0x00007fff53744000 	C:\Users\geeturana\Downloads\sts-4.14.1.RELEASE\plugins\org.eclipse.justj.openjdk.hotspot.jre.full.win32.x86_64_17.0.2.v20220201-1208\jre\bin\api-ms-win-crt-stdio-l1-1-0.dll
0x00007fff53730000 - 0x00007fff53734000 	C:\Users\geeturana\Downloads\sts-4.14.1.RELEASE\plugins\org.eclipse.justj.openjdk.hotspot.jre.full.win32.x86_64_17.0.2.v20220201-1208\jre\bin\api-ms-win-crt-runtime-l1-1-0.dll
0x00007fff53610000 - 0x00007fff53613000 	C:\Users\geeturana\Downloads\sts-4.14.1.RELEASE\plugins\org.eclipse.justj.openjdk.hotspot.jre.full.win32.x86_64_17.0.2.v20220201-1208\jre\bin\api-ms-win-crt-environment-l1-1-0.dll
0x00007fff535d0000 - 0x00007fff535d5000 	C:\Users\geeturana\Downloads\sts-4.14.1.RELEASE\plugins\org.eclipse.justj.openjdk.hotspot.jre.full.win32.x86_64_17.0.2.v20220201-1208\jre\bin\api-ms-win-crt-math-l1-1-0.dll
0x00007fff535c0000 - 0x00007fff535c3000 	C:\Users\geeturana\Downloads\sts-4.14.1.RELEASE\plugins\org.eclipse.justj.openjdk.hotspot.jre.full.win32.x86_64_17.0.2.v20220201-1208\jre\bin\api-ms-win-crt-locale-l1-1-0.dll
0x00007fff530b0000 - 0x00007fff530b3000 	C:\Users\geeturana\Downloads\sts-4.14.1.RELEASE\plugins\org.eclipse.justj.openjdk.hotspot.jre.full.win32.x86_64_17.0.2.v20220201-1208\jre\bin\api-ms-win-crt-heap-l1-1-0.dll
0x00007fff56f10000 - 0x00007fff5718b000 	C:\Windows\WinSxS\amd64_microsoft.windows.common-controls_6595b64144ccf1df_6.0.9600.19394_none_62486577ecb635cf\COMCTL32.dll
0x00007fff5e0e0000 - 0x00007fff5e257000 	C:\Windows\system32\USER32.dll
0x00007fff52ea0000 - 0x00007fff52ea3000 	C:\Users\geeturana\Downloads\sts-4.14.1.RELEASE\plugins\org.eclipse.justj.openjdk.hotspot.jre.full.win32.x86_64_17.0.2.v20220201-1208\jre\bin\api-ms-win-crt-filesystem-l1-1-0.dll
0x00007fff52100000 - 0x00007fff52104000 	C:\Users\geeturana\Downloads\sts-4.14.1.RELEASE\plugins\org.eclipse.justj.openjdk.hotspot.jre.full.win32.x86_64_17.0.2.v20220201-1208\jre\bin\api-ms-win-crt-string-l1-1-0.dll
0x00007fff520f0000 - 0x00007fff520f4000 	C:\Users\geeturana\Downloads\sts-4.14.1.RELEASE\plugins\org.eclipse.justj.openjdk.hotspot.jre.full.win32.x86_64_17.0.2.v20220201-1208\jre\bin\api-ms-win-crt-convert-l1-1-0.dll
0x00007fff5e410000 - 0x00007fff5e4ba000 	C:\Windows\system32\msvcrt.dll
0x00007fff5daf0000 - 0x00007fff5dc3e000 	C:\Windows\system32\GDI32.dll
0x00007fff517b0000 - 0x00007fff518aa000 	C:\Users\geeturana\Downloads\sts-4.14.1.RELEASE\plugins\org.eclipse.justj.openjdk.hotspot.jre.full.win32.x86_64_17.0.2.v20220201-1208\jre\bin\ucrtbase.DLL
0x00007fff5e0a0000 - 0x00007fff5e0d6000 	C:\Windows\system32\IMM32.DLL
0x00007fff5de00000 - 0x00007fff5df51000 	C:\Windows\system32\MSCTF.dll
0x00007fff51f80000 - 0x00007fff51f8c000 	C:\Users\geeturana\Downloads\sts-4.14.1.RELEASE\plugins\org.eclipse.justj.openjdk.hotspot.jre.full.win32.x86_64_17.0.2.v20220201-1208\jre\bin\vcruntime140_1.dll
0x00007fff51710000 - 0x00007fff517a1000 	C:\Users\geeturana\Downloads\sts-4.14.1.RELEASE\plugins\org.eclipse.justj.openjdk.hotspot.jre.full.win32.x86_64_17.0.2.v20220201-1208\jre\bin\msvcp140.dll
0x00007fff51af0000 - 0x00007fff51af3000 	C:\Users\geeturana\Downloads\sts-4.14.1.RELEASE\plugins\org.eclipse.justj.openjdk.hotspot.jre.full.win32.x86_64_17.0.2.v20220201-1208\jre\bin\api-ms-win-crt-time-l1-1-0.dll
0x00007fff51ae0000 - 0x00007fff51ae3000 	C:\Users\geeturana\Downloads\sts-4.14.1.RELEASE\plugins\org.eclipse.justj.openjdk.hotspot.jre.full.win32.x86_64_17.0.2.v20220201-1208\jre\bin\api-ms-win-crt-utility-l1-1-0.dll
0x00007fff2b770000 - 0x00007fff2c3b7000 	C:\Users\geeturana\Downloads\sts-4.14.1.RELEASE\plugins\org.eclipse.justj.openjdk.hotspot.jre.full.win32.x86_64_17.0.2.v20220201-1208\jre\bin\server\jvm.dll
0x00007fff5da40000 - 0x00007fff5daed000 	C:\Windows\system32\ADVAPI32.dll
0x00007fff47900000 - 0x00007fff47909000 	C:\Windows\SYSTEM32\WSOCK32.dll
0x00007fff50230000 - 0x00007fff50252000 	C:\Windows\SYSTEM32\WINMM.dll
0x00007fff534f0000 - 0x00007fff534fa000 	C:\Windows\SYSTEM32\VERSION.dll
0x00007fff5e2c0000 - 0x00007fff5e2c7000 	C:\Windows\system32\PSAPI.DLL
0x00007fff5df60000 - 0x00007fff5dfbb000 	C:\Windows\SYSTEM32\sechost.dll
0x00007fff5e2d0000 - 0x00007fff5e405000 	C:\Windows\system32\RPCRT4.dll
0x00007fff5dfd0000 - 0x00007fff5e02a000 	C:\Windows\system32\WS2_32.dll
0x00007fff501e0000 - 0x00007fff5020a000 	C:\Windows\SYSTEM32\WINMMBASE.dll
0x00007fff5bb30000 - 0x00007fff5bb5e000 	C:\Windows\system32\SspiCli.dll
0x00007fff5e030000 - 0x00007fff5e039000 	C:\Windows\system32\NSI.dll
0x00007fff5bae0000 - 0x00007fff5bb2f000 	C:\Windows\SYSTEM32\cfgmgr32.dll
0x00007fff5a530000 - 0x00007fff5a558000 	C:\Windows\SYSTEM32\DEVOBJ.dll
0x00007fff51f70000 - 0x00007fff51f7a000 	C:\Users\geeturana\Downloads\sts-4.14.1.RELEASE\plugins\org.eclipse.justj.openjdk.hotspot.jre.full.win32.x86_64_17.0.2.v20220201-1208\jre\bin\jimage.dll
0x00007fff4b110000 - 0x00007fff4b29a000 	C:\Windows\SYSTEM32\DBGHELP.DLL
0x00007fff51980000 - 0x00007fff519bb000 	C:\Users\geeturana\Downloads\sts-4.14.1.RELEASE\plugins\org.eclipse.justj.openjdk.hotspot.jre.full.win32.x86_64_17.0.2.v20220201-1208\jre\bin\jdwp.dll
0x00007fff51aa0000 - 0x00007fff51aae000 	C:\Users\geeturana\Downloads\sts-4.14.1.RELEASE\plugins\org.eclipse.justj.openjdk.hotspot.jre.full.win32.x86_64_17.0.2.v20220201-1208\jre\bin\instrument.dll
0x00007fff513e0000 - 0x00007fff51405000 	C:\Users\geeturana\Downloads\sts-4.14.1.RELEASE\plugins\org.eclipse.justj.openjdk.hotspot.jre.full.win32.x86_64_17.0.2.v20220201-1208\jre\bin\java.dll
0x00007fff513c0000 - 0x00007fff513d8000 	C:\Users\geeturana\Downloads\sts-4.14.1.RELEASE\plugins\org.eclipse.justj.openjdk.hotspot.jre.full.win32.x86_64_17.0.2.v20220201-1208\jre\bin\zip.dll
0x00007fff5c130000 - 0x00007fff5d65c000 	C:\Windows\system32\SHELL32.dll
0x00007fff5be90000 - 0x00007fff5c0a2000 	C:\Windows\SYSTEM32\combase.dll
0x00007fff5e260000 - 0x00007fff5e2b4000 	C:\Windows\system32\SHLWAPI.dll
0x00007fff59a80000 - 0x00007fff59b32000 	C:\Windows\SYSTEM32\SHCORE.dll
0x00007fff5b700000 - 0x00007fff5b715000 	C:\Windows\SYSTEM32\profapi.dll
0x00007fff51a80000 - 0x00007fff51a8c000 	C:\Users\geeturana\Downloads\sts-4.14.1.RELEASE\plugins\org.eclipse.justj.openjdk.hotspot.jre.full.win32.x86_64_17.0.2.v20220201-1208\jre\bin\dt_socket.dll
0x00007fff592f0000 - 0x00007fff5931a000 	C:\Windows\SYSTEM32\IPHLPAPI.DLL
0x00007fff592d0000 - 0x00007fff592da000 	C:\Windows\SYSTEM32\WINNSI.DLL
0x00007fff5af40000 - 0x00007fff5af99000 	C:\Windows\system32\mswsock.dll
0x00007fff5ad40000 - 0x00007fff5ade4000 	C:\Windows\SYSTEM32\DNSAPI.dll
0x0000000062360000 - 0x0000000062386000 	C:\Program Files\Bonjour\mdnsNSP.dll
0x00007fff50460000 - 0x00007fff5046a000 	C:\Windows\System32\rasadhlp.dll
0x00007fff55dd0000 - 0x00007fff55e3b000 	C:\Windows\System32\fwpuclnt.dll

dbghelp: loaded successfully - version: 4.0.5 - missing functions: none
symbol engine: initialized successfully - sym options: 0x614 - pdb path: .;C:\Users\geeturana\Downloads\sts-4.14.1.RELEASE\plugins\org.eclipse.justj.openjdk.hotspot.jre.full.win32.x86_64_17.0.2.v20220201-1208\jre\bin;C:\Windows\SYSTEM32;C:\Windows\WinSxS\amd64_microsoft.windows.common-controls_6595b64144ccf1df_6.0.9600.19394_none_62486577ecb635cf;C:\Users\geeturana\Downloads\sts-4.14.1.RELEASE\plugins\org.eclipse.justj.openjdk.hotspot.jre.full.win32.x86_64_17.0.2.v20220201-1208\jre\bin\server;C:\Program Files\Bonjour

VM Arguments:
jvm_args: -XX:+ShowCodeDetailsInExceptionMessages -agentlib:jdwp=transport=dt_socket,suspend=y,address=localhost:55606 -javaagent:C:\Users\geeturana\Downloads\sts-4.14.1.RELEASE\configuration\org.eclipse.osgi\265\0\.cp\lib\javaagent-shaded.jar -Dfile.encoding=Cp1252 
java_command: com.day4live.Day4Live
java_class_path (initial): C:\Users\geeturana\Documents\workspace-spring-tool-suite-4-4.14.1.RELEASE\day 4 java\bin
Launcher Type: SUN_STANDARD

[Global flags]
     intx CICompilerCount                          = 3                                         {product} {ergonomic}
     uint ConcGCThreads                            = 1                                         {product} {ergonomic}
     uint G1ConcRefinementThreads                  = 4                                         {product} {ergonomic}
   size_t G1HeapRegionSize                         = 1048576                                   {product} {ergonomic}
    uintx GCDrainStackTargetSize                   = 64                                        {product} {ergonomic}
   size_t InitialHeapSize                          = 67108864                                  {product} {ergonomic}
   size_t MarkStackSize                            = 4194304                                   {product} {ergonomic}
   size_t MaxHeapSize                              = 1044381696                                {product} {ergonomic}
   size_t MaxNewSize                               = 625999872                                 {product} {ergonomic}
   size_t MinHeapDeltaBytes                        = 1048576                                   {product} {ergonomic}
   size_t MinHeapSize                              = 8388608                                   {product} {ergonomic}
    uintx NonNMethodCodeHeapSize                   = 5832780                                {pd product} {ergonomic}
    uintx NonProfiledCodeHeapSize                  = 122912730                              {pd product} {ergonomic}
    uintx ProfiledCodeHeapSize                     = 122912730                              {pd product} {ergonomic}
    uintx ReservedCodeCacheSize                    = 251658240                              {pd product} {ergonomic}
     bool SegmentedCodeCache                       = true                                      {product} {ergonomic}
     bool ShowCodeDetailsInExceptionMessages       = true                                   {manageable} {command line}
   size_t SoftMaxHeapSize                          = 1044381696                             {manageable} {ergonomic}
     bool UseCompressedClassPointers               = true                           {product lp64_product} {ergonomic}
     bool UseCompressedOops                        = true                           {product lp64_product} {ergonomic}
     bool UseG1GC                                  = true                                      {product} {ergonomic}
     bool UseLargePagesIndividualAllocation        = false                                  {pd product} {ergonomic}

Logging:
Log output configuration:
 #0: stdout all=warning uptime,level,tags
 #1: stderr all=off uptime,level,tags

Environment Variables:
PATH=C:\Users\geeturana\Downloads\sts-4.14.1.RELEASE\plugins\org.eclipse.justj.openjdk.hotspot.jre.full.win32.x86_64_17.0.2.v20220201-1208\jre\bin;C:/Users/geeturana/Downloads/sts-4.14.1.RELEASE//plugins/org.eclipse.justj.openjdk.hotspot.jre.full.win32.x86_64_17.0.2.v20220201-1208/jre/bin/server;C:/Users/geeturana/Downloads/sts-4.14.1.RELEASE//plugins/org.eclipse.justj.openjdk.hotspot.jre.full.win32.x86_64_17.0.2.v20220201-1208/jre/bin;C:\Program Files\Java\jdk1.8.0_333\bin;C:\Users\geeturana\AppData\Local\Programs\Microsoft VS Code\bin;C:\Users\geeturana\AppData\Local\Programs\Git\cmd;C:\Users\geeturana\AppData\Roaming\npm;C:\Users\geeturana\Downloads\sts-4.14.1.RELEASE;
USERNAME=geeturana
OS=Windows_NT
PROCESSOR_IDENTIFIER=Intel64 Family 6 Model 55 Stepping 8, GenuineIntel



---------------  S Y S T E M  ---------------

OS:
 Windows 8.1 , 64 bit Build 9600 (6.3.9600.20369)
OS uptime: 0 days 10:28 hours

CPU: total 4 (initial active 4) (4 cores per cpu, 1 threads per core) family 6 model 55 stepping 8 microcode 0x829, cx8, cmov, fxsr, mmx, 3dnowpref, sse, sse2, sse3, ssse3, sse4.1, sse4.2, popcnt, tsc, tscinvbit, erms, clmul, clflush

Memory: 4k page, system-wide physical 3977M (707M free)
TotalPageFile size 7501M (AvailPageFile size 29M)
current process WorkingSet (physical memory assigned to process): 38M, peak: 38M
current process commit charge ("private bytes"): 132M, peak: 133M

vm_info: OpenJDK 64-Bit Server VM (17.0.2+8) for windows-amd64 JRE (17.0.2+8), built on Jan 20 2022 04:52:34 by "" with MS VC++ 16.7 (VS2019)

END.
